Arguments: 
  /home/lcanady/.nvm/versions/node/v12.18.3/bin/node /home/lcanady/.yarn/releases/yarn-1.22.5.cjs add -D @types/ isomorphic-fetch

PATH: 
  /home/lcanady/.vscode-server/bin/93c2f0fbf16c5a4b10e4d5f89737d9c2c25488a3/bin:/home/lcanady/.rvm/gems/ruby-2.7.0/bin:/home/lcanady/.rvm/gems/ruby-2.7.0@global/bin:/home/lcanady/.rvm/rubies/ruby-2.7.0/bin:/home/lcanady/.nvm/versions/node/v12.18.3/bin:/usr/local/sbin:/usr/local/bin:/usr/sbin:/usr/bin:/sbin:/bin:/usr/games:/usr/local/games:/mnt/c/Program Files (x86)/Common Files/Oracle/Java/javapath:/mnt/c/Windows/system32:/mnt/c/Windows:/mnt/c/Windows/System32/Wbem:/mnt/c/Windows/System32/WindowsPowerShell/v1.0/:/mnt/c/Windows/System32/OpenSSH/:/mnt/c/Program Files/Intel/WiFi/bin/:/mnt/c/Program Files/Common Files/Intel/WirelessCommon/:/mnt/c/ProgramData/chocolatey/bin:/mnt/c/Program Files/nodejs/:/mnt/c/Users/lemca/AppData/Local/Microsoft/WindowsApps:/mnt/c/Users/lemca/AppData/Local/Programs/Microsoft VS Code/bin:/mnt/c/Users/lemca/AppData/Roaming/npm:/snap/bin:/home/lcanady/.rvm/bin:/home/lcanady/.rvm/bin:/home/lcanady/.rvm/bin

Yarn version: 
  1.22.5

Node version: 
  12.18.3

Platform: 
  linux x64

Trace: 
  Error: https://registry.yarnpkg.com/@types%2f: Request "https://registry.yarnpkg.com/@types%2f" returned a 405
      at Request.params.callback [as _callback] (/home/lcanady/.yarn/releases/yarn-1.22.5.cjs:78527:18)
      at Request.self.callback (/home/lcanady/.yarn/releases/yarn-1.22.5.cjs:135160:22)
      at Request.emit (events.js:315:20)
      at Request.<anonymous> (/home/lcanady/.yarn/releases/yarn-1.22.5.cjs:136132:10)
      at Request.emit (events.js:315:20)
      at IncomingMessage.<anonymous> (/home/lcanady/.yarn/releases/yarn-1.22.5.cjs:136054:12)
      at Object.onceWrapper (events.js:421:28)
      at IncomingMessage.emit (events.js:327:22)
      at endReadableNT (_stream_readable.js:1220:12)
      at processTicksAndRejections (internal/process/task_queues.js:84:21)

npm manifest: 
  {
    "name": "@digibear/mush-format",
    "version": "0.3.1",
    "description": "A mush code pre-processor written in TypeScript",
    "main": "/dist/formatter.js",
    "keywords": [
      "MUSH",
      "MUX"
    ],
    "files": [
      "dist/**/*.js",
      "dist/**/*.ts",
      "mushformatter.jpg"
    ],
    "author": "Lemuel L. Canady, Jr",
    "license": "MIT",
    "repository": {
      "url": "https://github.com/digibear-io/mush-format.git"
    },
    "homepage": "https://github.com/Digibear-io/mush-format/blob/master/README.md",
    "bugs": {
      "url": "https://github.com/digibear-io/mush-format/issues/"
    },
    "dependencies": {
      "isomorphic-fetch": "^3.0.0"
    },
    "devDependencies": {
      "@types/pegjs": "^0.10.2",
      "node-fetch": "^2.6.0",
      "ts-node": "^8.5.4",
      "typescript": "^4.0.3"
    }
  }

yarn manifest: 
  No manifest

Lockfile: 
  # THIS IS AN AUTOGENERATED FILE. DO NOT EDIT THIS FILE DIRECTLY.
  # yarn lockfile v1
  
  
  "@types/pegjs@^0.10.2":
    version "0.10.2"
    resolved "https://registry.yarnpkg.com/@types/pegjs/-/pegjs-0.10.2.tgz#25ecdef12a210bb2e8b6ef3105bacb4a85a666bc"
    integrity sha512-HSiQX7133jjMBOrN3kWaLlpelS6Bg95uJaesr3nwf8qz9MTQorXqbLlErYGxKqXuYgRCKmSLUk0faCKS4yzT3g==
  
  arg@^4.1.0:
    version "4.1.3"
    resolved "https://registry.yarnpkg.com/arg/-/arg-4.1.3.tgz#269fc7ad5b8e42cb63c896d5666017261c144089"
    integrity sha512-58S9QDqG0Xx27YwPSt9fJxivjYl432YCwfDMfZ+71RAqUrZef7LrKQZ3LHLOwCS4FLNBplP533Zx895SeOCHvA==
  
  buffer-from@^1.0.0:
    version "1.1.1"
    resolved "https://registry.yarnpkg.com/buffer-from/-/buffer-from-1.1.1.tgz#32713bc028f75c02fdb710d7c7bcec1f2c6070ef"
    integrity sha512-MQcXEUbCKtEo7bhqEs6560Hyd4XaovZlO/k9V3hjVUF/zwW7KBVdSK4gIt/bzwS9MbR5qob+F5jusZsb0YQK2A==
  
  diff@^4.0.1:
    version "4.0.2"
    resolved "https://registry.yarnpkg.com/diff/-/diff-4.0.2.tgz#60f3aecb89d5fae520c11aa19efc2bb982aade7d"
    integrity sha512-58lmxKSA4BNyLz+HHMUzlOEpg09FV+ev6ZMe3vJihgdxzgcwZ8VoEEPmALCZG9LmqfVoNMMKpttIYTVG6uDY7A==
  
  isomorphic-fetch@^3.0.0:
    version "3.0.0"
    resolved "https://registry.yarnpkg.com/isomorphic-fetch/-/isomorphic-fetch-3.0.0.tgz#0267b005049046d2421207215d45d6a262b8b8b4"
    integrity sha512-qvUtwJ3j6qwsF3jLxkZ72qCgjMysPzDfeV240JHiGZsANBYd+EEuu35v7dfrJ9Up0Ak07D7GGSkGhCHTqg/5wA==
    dependencies:
      node-fetch "^2.6.1"
      whatwg-fetch "^3.4.1"
  
  make-error@^1.1.1:
    version "1.3.6"
    resolved "https://registry.yarnpkg.com/make-error/-/make-error-1.3.6.tgz#2eb2e37ea9b67c4891f684a1394799af484cf7a2"
    integrity sha512-s8UhlNe7vPKomQhC1qFelMokr/Sc3AgNbso3n74mVPA5LTZwkB9NlXf4XPamLxJE8h0gh73rM94xvwRT2CVInw==
  
  node-fetch@^2.6.0, node-fetch@^2.6.1:
    version "2.6.1"
    resolved "https://registry.yarnpkg.com/node-fetch/-/node-fetch-2.6.1.tgz#045bd323631f76ed2e2b55573394416b639a0052"
    integrity sha512-V4aYg89jEoVRxRb2fJdAg8FHvI7cEyYdVAh94HH0UIK8oJxUfkjlDQN9RbMx+bEjP7+ggMiFRprSti032Oipxw==
  
  source-map-support@^0.5.17:
    version "0.5.19"
    resolved "https://registry.yarnpkg.com/source-map-support/-/source-map-support-0.5.19.tgz#a98b62f86dcaf4f67399648c085291ab9e8fed61"
    integrity sha512-Wonm7zOCIJzBGQdB+thsPar0kYuCIzYvxZwlBa87yi/Mdjv7Tip2cyVbLj5o0cFPN4EVkuTwb3GDDyUx2DGnGw==
    dependencies:
      buffer-from "^1.0.0"
      source-map "^0.6.0"
  
  source-map@^0.6.0:
    version "0.6.1"
    resolved "https://registry.yarnpkg.com/source-map/-/source-map-0.6.1.tgz#74722af32e9614e9c287a8d0bbde48b5e2f1a263"
    integrity sha512-UjgapumWlbMhkBgzT7Ykc5YXUT46F0iKu8SGXq0bcwP5dz/h0Plj6enJqjz1Zbq2l5WaqYnrVbwWOWMyF3F47g==
  
  ts-node@^8.5.4:
    version "8.10.2"
    resolved "https://registry.yarnpkg.com/ts-node/-/ts-node-8.10.2.tgz#eee03764633b1234ddd37f8db9ec10b75ec7fb8d"
    integrity sha512-ISJJGgkIpDdBhWVu3jufsWpK3Rzo7bdiIXJjQc0ynKxVOVcg2oIrf2H2cejminGrptVc6q6/uynAHNCuWGbpVA==
    dependencies:
      arg "^4.1.0"
      diff "^4.0.1"
      make-error "^1.1.1"
      source-map-support "^0.5.17"
      yn "3.1.1"
  
  typescript@^4.0.3:
    version "4.0.3"
    resolved "https://registry.yarnpkg.com/typescript/-/typescript-4.0.3.tgz#153bbd468ef07725c1df9c77e8b453f8d36abba5"
    integrity sha512-tEu6DGxGgRJPb/mVPIZ48e69xCn2yRmCgYmDugAVwmJ6o+0u1RI18eO7E7WBTLYLaEVVOhwQmcdhQHweux/WPg==
  
  whatwg-fetch@^3.4.1:
    version "3.4.1"
    resolved "https://registry.yarnpkg.com/whatwg-fetch/-/whatwg-fetch-3.4.1.tgz#e5f871572d6879663fa5674c8f833f15a8425ab3"
    integrity sha512-sofZVzE1wKwO+EYPbWfiwzaKovWiZXf4coEzjGP9b2GBVgQRLQUZ2QcuPpQExGDAW5GItpEm6Tl4OU5mywnAoQ==
  
  yn@3.1.1:
    version "3.1.1"
    resolved "https://registry.yarnpkg.com/yn/-/yn-3.1.1.tgz#1e87401a09d767c1d5eab26a6e4c185182d2eb50"
    integrity sha512-Ux4ygGWsu2c7isFWe8Yu1YluJmqVhxqK2cLXNQA5AcC3QfbGNpM7fu0Y8b/z16pXLnFxZYvWhd3fhBY9DLmC6Q==
